Vivado Simulator v2025.1.0
Copyright 1986-2022 Xilinx, Inc. All Rights Reserved.
Copyright 2022-2025 Advanced Micro Devices, Inc. All Rights Reserved.
Running: C:/Xilinx/2025.1/Vivado/bin/unwrapped/win64.o/xelab.exe --incr --debug typical --relax --mt 2 --maxdelay -L xil_defaultlib -L simprims_ver -L secureip --snapshot ButtonDebounce_TB_time_synth -transport_int_delays -pulse_r 0 -pulse_int_r 0 -pulse_e 0 -pulse_int_e 0 xil_defaultlib.ButtonDebounce_TB xil_defaultlib.glbl -log elaborate.log 
Using 2 slave threads.
Starting static elaboration
Pass Through NonSizing Optimizer
Completed static elaboration
Starting simulation data flow analysis
Completed simulation data flow analysis
INFO: [XSIM 43-3451] SDF backannotation process started with SDF file "ButtonDebounce_TB_time_synth.sdf", for root module "ButtonDebounce_TB/DUT".
INFO: [XSIM 43-3452] SDF backannotation was successful for SDF file "ButtonDebounce_TB_time_synth.sdf", for root module "ButtonDebounce_TB/DUT".
Time Resolution for simulation is 1ps
Compiling module simprims_ver.FDRE_default
Compiling module simprims_ver.x_lut3_mux8
Compiling module simprims_ver.LUT3(INIT=8'b10110100)
Compiling module xil_defaultlib.LED_Button
Compiling module simprims_ver.IBUF
Compiling module simprims_ver.BUFG
Compiling module simprims_ver.OBUF
Compiling module xil_defaultlib.ButtonDebounce
Compiling module xil_defaultlib.ButtonDebounce_TB
Compiling module xil_defaultlib.glbl
Built simulation snapshot ButtonDebounce_TB_time_synth
